Log file open, 03/09/18 03:46:07
LogWindows: Failed to load 'aqProf.dll' (GetLastError=126)
LogWindows: File 'aqProf.dll' does not exist
LogWindows: Failed to load 'VSPerf140.dll' (GetLastError=126)
LogWindows: File 'VSPerf140.dll' does not exist
LogWindows: Failed to load 'VtuneApi.dll' (GetLastError=126)
LogWindows: File 'VtuneApi.dll' does not exist
LogWindows: Failed to load 'VtuneApi32e.dll' (GetLastError=126)
LogWindows: File 'VtuneApi32e.dll' does not exist
LogInit: Display: Running engine for game: Stealth
LogPlatformFile: Not using cached read wrapper
LogInit: Display: RandInit(-848110210) SRandInit(-848110210).
LogInit: Read version file with build ID '3709383'
LogInit: Overriding engine version to CL 3832480, compatible CL 3709383
LogInit: Registered custom module enumerator with build ID '3709383'
LogTaskGraph: Started task graph with 5 named threads and 14 total threads with 3 sets of task threads.
LogStats: Stats thread started at 13.143477
LogD3D11RHI: Aftermath initialized
LogPluginManager: Mounting plugin Paper2D
LogPluginManager: Mounting plugin LightPropagationVolume
LogPluginManager: Mounting plugin CodeLiteSourceCodeAccess
LogPluginManager: Mounting plugin GitSourceControl
LogPluginManager: Mounting plugin KDevelopSourceCodeAccess
LogPluginManager: Mounting plugin NullSourceCodeAccess
LogPluginManager: Mounting plugin PerforceSourceControl
LogPluginManager: Mounting plugin SubversionSourceControl
LogPluginManager: Mounting plugin UObjectPlugin
LogPluginManager: Mounting plugin VisualStudioCodeSourceCodeAccess
LogPluginManager: Mounting plugin VisualStudioSourceCodeAccess
LogPluginManager: Mounting plugin XCodeSourceCodeAccess
LogPluginManager: Mounting plugin AssetManagerEditor
LogPluginManager: Mounting plugin AudioCapture
LogPluginManager: Mounting plugin FacialAnimation
LogPluginManager: Mounting plugin GameplayTagsEditor
LogPluginManager: Mounting plugin MobileLauncherProfileWizard
LogPluginManager: Mounting plugin PluginBrowser
LogPluginManager: Mounting plugin SpeedTreeImporter
LogPluginManager: Mounting plugin AlembicImporter
LogPluginManager: Mounting plugin CharacterAI
LogPluginManager: Mounting plugin HTML5Networking
LogPluginManager: Mounting plugin AndroidMedia
LogPluginManager: Mounting plugin AvfMedia
LogPluginManager: Mounting plugin ImgMedia
LogPluginManager: Mounting plugin MediaCompositing
LogPluginManager: Mounting plugin MediaPlayerEditor
LogPluginManager: Mounting plugin WmfMedia
LogPluginManager: Mounting plugin TcpMessaging
LogPluginManager: Mounting plugin UdpMessaging
LogPluginManager: Mounting plugin ActorSequence
LogPluginManager: Mounting plugin LevelSequenceEditor
LogPluginManager: Mounting plugin MatineeToLevelSequence
LogPluginManager: Mounting plugin OnlineSubsystemGooglePlay
LogPluginManager: Mounting plugin OnlineSubsystemIOS
LogPluginManager: Mounting plugin OnlineSubsystem
LogPluginManager: Mounting plugin OnlineSubsystemNull
LogPluginManager: Mounting plugin OnlineSubsystemUtils
LogPluginManager: Mounting plugin AndroidDeviceProfileSelector
LogPluginManager: Mounting plugin AndroidMoviePlayer
LogPluginManager: Mounting plugin AndroidPermission
LogPluginManager: Mounting plugin AppleARKit
LogPluginManager: Mounting plugin AppleMoviePlayer
LogPluginManager: Mounting plugin ArchVisCharacter
LogPluginManager: Mounting plugin CableComponent
LogPluginManager: Mounting plugin CustomMeshComponent
LogPluginManager: Mounting plugin ExampleDeviceProfileSelector
LogPluginManager: Mounting plugin GoogleCloudMessaging
LogPluginManager: Mounting plugin ImmediatePhysics
LogPluginManager: Mounting plugin IOSDeviceProfileSelector
LogPluginManager: Mounting plugin LinuxDeviceProfileSelector
LogPluginManager: Mounting plugin LocationServicesBPLibrary
LogPluginManager: Mounting plugin MobilePatchingUtils
LogPluginManager: Mounting plugin OculusVR
LogPluginManager: Plugin shader directory ../../../Engine/Plugins/Runtime/Oculus/OculusVR/Shaders found
LogPluginManager: Mapping shader source directory ../../../Engine/Plugins/Runtime/Oculus/OculusVR/Shaders to virtual directory /Plugin/OculusVR
LogPluginManager: Mounting plugin PhysXVehicles
LogPluginManager: Mounting plugin ProceduralMeshComponent
LogPluginManager: Mounting plugin RuntimePhysXCooking
LogPluginManager: Mounting plugin SteamVR
LogPluginManager: Mounting plugin WindowsMoviePlayer
LogModuleManager: Display: Found up-to-date module file S:/Unreal/StealthGame/Stealth/Binaries/Win64/UE4Editor-Stealth-9484.dll (API version 3709383).
LogModuleManager: Display: Found up-to-date module file ../../../Engine/Plugins/2D/Paper2D/Binaries/Win64/UE4Editor-Paper2D.dll (API version 3709383).
LogModuleManager: Display: Found up-to-date module file ../../../Engine/Plugins/2D/Paper2D/Binaries/Win64/UE4Editor-Paper2DEditor.dll (API version 3709383).
LogModuleManager: Display: Found up-to-date module file ../../../Engine/Plugins/2D/Paper2D/Binaries/Win64/UE4Editor-PaperSpriteSheetImporter.dll (API version 3709383).
LogModuleManager: Display: Found up-to-date module file ../../../Engine/Plugins/2D/Paper2D/Binaries/Win64/UE4Editor-PaperTiledImporter.dll (API version 3709383).
LogModuleManager: Display: Found up-to-date module file ../../../Engine/Plugins/2D/Paper2D/Binaries/Win64/UE4Editor-SmartSnapping.dll (API version 3709383).
LogModuleManager: Display: Found up-to-date module file ../../../Engine/Plugins/Blendables/LightPropagationVolume/Binaries/Win64/UE4Editor-LightPropagationVolumeRuntime.dll (API version 3709383).
LogModuleManager: Display: Found up-to-date module file ../../../Engine/Plugins/Blendables/LightPropagationVolume/Binaries/Win64/UE4Editor-LightPropagationVolumeEditor.dll (API version 3709383).
LogModuleManager: Display: Found up-to-date module file ../../../Engine/Plugins/Developer/GitSourceControl/Binaries/Win64/UE4Editor-GitSourceControl.dll (API version 3709383).
LogModuleManager: Display: Found up-to-date module file ../../../Engine/Plugins/Developer/PerforceSourceControl/Binaries/Win64/UE4Editor-PerforceSourceControl.dll (API version 3709383).
LogModuleManager: Display: Found up-to-date module file ../../../Engine/Plugins/Developer/SubversionSourceControl/Binaries/Win64/UE4Editor-SubversionSourceControl.dll (API version 3709383).
LogModuleManager: Display: Found up-to-date module file ../../../Engine/Plugins/Developer/UObjectPlugin/Binaries/Win64/UE4Editor-UObjectPlugin.dll (API version 3709383).
LogModuleManager: Display: Found up-to-date module file ../../../Engine/Plugins/Developer/VisualStudioCodeSourceCodeAccess/Binaries/Win64/UE4Editor-VisualStudioCodeSourceCodeAccess.dll (API version 3709383).
LogModuleManager: Display: Found up-to-date module file ../../../Engine/Plugins/Developer/VisualStudioSourceCodeAccess/Binaries/Win64/UE4Editor-VisualStudioSourceCodeAccess.dll (API version 3709383).
LogModuleManager: Display: Found up-to-date module file ../../../Engine/Plugins/Editor/AssetManagerEditor/Binaries/Win64/UE4Editor-AssetManagerEditor.dll (API version 3709383).
LogModuleManager: Display: Found up-to-date module file ../../../Engine/Plugins/Editor/AudioCapture/Binaries/Win64/UE4Editor-AudioCapture.dll (API version 3709383).
LogModuleManager: Display: Found up-to-date module file ../../../Engine/Plugins/Editor/FacialAnimation/Binaries/Win64/UE4Editor-FacialAnimation.dll (API version 3709383).
LogModuleManager: Display: Found up-to-date module file ../../../Engine/Plugins/Editor/FacialAnimation/Binaries/Win64/UE4Editor-FacialAnimationEditor.dll (API version 3709383).
LogModuleManager: Display: Found up-to-date module file ../../../Engine/Plugins/Editor/GameplayTagsEditor/Binaries/Win64/UE4Editor-GameplayTagsEditor.dll (API version 3709383).
LogModuleManager: Display: Found up-to-date module file ../../../Engine/Plugins/Editor/MobileLauncherProfileWizard/Binaries/Win64/UE4Editor-MobileLauncherProfileWizard.dll (API version 3709383).
LogModuleManager: Display: Found up-to-date module file ../../../Engine/Plugins/Editor/PluginBrowser/Binaries/Win64/UE4Editor-PluginBrowser.dll (API version 3709383).
LogModuleManager: Display: Found up-to-date module file ../../../Engine/Plugins/Editor/SpeedTreeImporter/Binaries/Win64/UE4Editor-SpeedTreeImporter.dll (API version 3709383).
LogModuleManager: Display: Found up-to-date module file ../../../Engine/Plugins/Experimental/AlembicImporter/Binaries/Win64/UE4Editor-AlembicImporter.dll (API version 3709383).
LogModuleManager: Display: Found up-to-date module file ../../../Engine/Plugins/Experimental/AlembicImporter/Binaries/Win64/UE4Editor-AlembicLibrary.dll (API version 3709383).
LogModuleManager: Display: Found up-to-date module file ../../../Engine/Plugins/Experimental/CharacterAI/Binaries/Win64/UE4Editor-CharacterAI.dll (API version 3709383).
LogModuleManager: Display: Found up-to-date module file ../../../Engine/Plugins/Experimental/HTML5Networking/Binaries/Win64/UE4Editor-HTML5Networking.dll (API version 3709383).
LogModuleManager: Display: Found up-to-date module file ../../../Engine/Plugins/Media/AndroidMedia/Binaries/Win64/UE4Editor-AndroidMediaEditor.dll (API version 3709383).
LogModuleManager: Display: Found up-to-date module file ../../../Engine/Plugins/Media/AndroidMedia/Binaries/Win64/UE4Editor-AndroidMediaFactory.dll (API version 3709383).
LogModuleManager: Display: Found up-to-date module file ../../../Engine/Plugins/Media/AvfMedia/Binaries/Win64/UE4Editor-AvfMediaEditor.dll (API version 3709383).
LogModuleManager: Display: Found up-to-date module file ../../../Engine/Plugins/Media/AvfMedia/Binaries/Win64/UE4Editor-AvfMediaFactory.dll (API version 3709383).
LogModuleManager: Display: Found up-to-date module file ../../../Engine/Plugins/Media/AvfMedia/Binaries/Win64/UE4Editor-AvfMediaFactory.dll (API version 3709383).
LogModuleManager: Display: Found up-to-date module file ../../../Engine/Plugins/Media/ImgMedia/Binaries/Win64/UE4Editor-ImgMedia.dll (API version 3709383).
LogModuleManager: Display: Found up-to-date module file ../../../Engine/Plugins/Media/ImgMedia/Binaries/Win64/UE4Editor-ImgMediaEditor.dll (API version 3709383).
LogModuleManager: Display: Found up-to-date module file ../../../Engine/Plugins/Media/ImgMedia/Binaries/Win64/UE4Editor-ImgMediaFactory.dll (API version 3709383).
LogModuleManager: Display: Found up-to-date module file ../../../Engine/Plugins/Media/ImgMedia/Binaries/Win64/UE4Editor-ImgMediaFactory.dll (API version 3709383).
LogModuleManager: Display: Found up-to-date module file ../../../Engine/Plugins/Media/ImgMedia/Binaries/Win64/UE4Editor-OpenExrWrapper.dll (API version 3709383).
LogModuleManager: Display: Found up-to-date module file ../../../Engine/Plugins/Media/MediaCompositing/Binaries/Win64/UE4Editor-MediaCompositing.dll (API version 3709383).
LogModuleManager: Display: Found up-to-date module file ../../../Engine/Plugins/Media/MediaCompositing/Binaries/Win64/UE4Editor-MediaCompositingEditor.dll (API version 3709383).
LogModuleManager: Display: Found up-to-date module file ../../../Engine/Plugins/Media/MediaPlayerEditor/Binaries/Win64/UE4Editor-MediaPlayerEditor.dll (API version 3709383).
LogModuleManager: Display: Found up-to-date module file ../../../Engine/Plugins/Media/WmfMedia/Binaries/Win64/UE4Editor-WmfMedia.dll (API version 3709383).
LogModuleManager: Display: Found up-to-date module file ../../../Engine/Plugins/Media/WmfMedia/Binaries/Win64/UE4Editor-WmfMediaEditor.dll (API version 3709383).
LogModuleManager: Display: Found up-to-date module file ../../../Engine/Plugins/Media/WmfMedia/Binaries/Win64/UE4Editor-WmfMediaFactory.dll (API version 3709383).
LogModuleManager: Display: Found up-to-date module file ../../../Engine/Plugins/Media/WmfMedia/Binaries/Win64/UE4Editor-WmfMediaFactory.dll (API version 3709383).
LogModuleManager: Display: Found up-to-date module file ../../../Engine/Plugins/Messaging/TcpMessaging/Binaries/Win64/UE4Editor-TcpMessaging.dll (API version 3709383).
LogModuleManager: Display: Found up-to-date module file ../../../Engine/Plugins/Messaging/UdpMessaging/Binaries/Win64/UE4Editor-UdpMessaging.dll (API version 3709383).
LogModuleManager: Display: Found up-to-date module file ../../../Engine/Plugins/MovieScene/ActorSequence/Binaries/Win64/UE4Editor-ActorSequence.dll (API version 3709383).
LogModuleManager: Display: Found up-to-date module file ../../../Engine/Plugins/MovieScene/LevelSequenceEditor/Binaries/Win64/UE4Editor-LevelSequenceEditor.dll (API version 3709383).
LogModuleManager: Display: Found up-to-date module file ../../../Engine/Plugins/MovieScene/MatineeToLevelSequence/Binaries/Win64/UE4Editor-MatineeToLevelSequence.dll (API version 3709383).
LogModuleManager: Display: Found up-to-date module file ../../../Engine/Plugins/Online/OnlineSubsystem/Binaries/Win64/UE4Editor-OnlineSubsystem.dll (API version 3709383).
LogModuleManager: Display: Found up-to-date module file ../../../Engine/Plugins/Online/OnlineSubsystemNull/Binaries/Win64/UE4Editor-OnlineSubsystemNull.dll (API version 3709383).
LogModuleManager: Display: Found up-to-date module file ../../../Engine/Plugins/Online/OnlineSubsystemUtils/Binaries/Win64/UE4Editor-OnlineSubsystemUtils.dll (API version 3709383).
LogModuleManager: Display: Found up-to-date module file ../../../Engine/Plugins/Online/OnlineSubsystemUtils/Binaries/Win64/UE4Editor-OnlineBlueprintSupport.dll (API version 3709383).
LogModuleManager: Display: Found up-to-date module file ../../../Engine/Plugins/Runtime/AndroidDeviceProfileSelector/Binaries/Win64/UE4Editor-AndroidDeviceProfileSelector.dll (API version 3709383).
LogModuleManager: Display: Found up-to-date module file ../../../Engine/Plugins/Runtime/AndroidPermission/Binaries/Win64/UE4Editor-AndroidPermission.dll (API version 3709383).
LogModuleManager: Display: Found up-to-date module file ../../../Engine/Plugins/Runtime/AppleARKit/Binaries/Win64/UE4Editor-AppleARKit.dll (API version 3709383).
LogModuleManager: Display: Found up-to-date module file ../../../Engine/Plugins/Runtime/ArchVisCharacter/Binaries/Win64/UE4Editor-ArchVisCharacter.dll (API version 3709383).
LogModuleManager: Display: Found up-to-date module file ../../../Engine/Plugins/Runtime/CableComponent/Binaries/Win64/UE4Editor-CableComponent.dll (API version 3709383).
LogModuleManager: Display: Found up-to-date module file ../../../Engine/Plugins/Runtime/CustomMeshComponent/Binaries/Win64/UE4Editor-CustomMeshComponent.dll (API version 3709383).
LogModuleManager: Display: Found up-to-date module file ../../../Engine/Plugins/Runtime/ExampleDeviceProfileSelector/Binaries/Win64/UE4Editor-ExampleDeviceProfileSelector.dll (API version 3709383).
LogModuleManager: Display: Found up-to-date module file ../../../Engine/Plugins/Runtime/ImmediatePhysics/Binaries/Win64/UE4Editor-ImmediatePhysics.dll (API version 3709383).
LogModuleManager: Display: Found up-to-date module file ../../../Engine/Plugins/Runtime/ImmediatePhysics/Binaries/Win64/UE4Editor-ImmediatePhysicsEditor.dll (API version 3709383).
LogModuleManager: Display: Found up-to-date module file ../../../Engine/Plugins/Runtime/LocationServicesBPLibrary/Binaries/Win64/UE4Editor-LocationServicesBPLibrary.dll (API version 3709383).
LogModuleManager: Display: Found up-to-date module file ../../../Engine/Plugins/Runtime/MobilePatchingUtils/Binaries/Win64/UE4Editor-MobilePatchingUtils.dll (API version 3709383).
LogModuleManager: Display: Found up-to-date module file ../../../Engine/Plugins/Runtime/Oculus/OculusVR/Binaries/Win64/UE4Editor-OculusHMD.dll (API version 3709383).
LogModuleManager: Display: Found up-to-date module file ../../../Engine/Plugins/Runtime/Oculus/OculusVR/Binaries/Win64/UE4Editor-OculusInput.dll (API version 3709383).
LogModuleManager: Display: Found up-to-date module file ../../../Engine/Plugins/Runtime/Oculus/OculusVR/Binaries/Win64/UE4Editor-OculusEditor.dll (API version 3709383).
LogModuleManager: Display: Found up-to-date module file ../../../Engine/Plugins/Runtime/PhysXVehicles/Binaries/Win64/UE4Editor-PhysXVehicles.dll (API version 3709383).
LogModuleManager: Display: Found up-to-date module file ../../../Engine/Plugins/Runtime/PhysXVehicles/Binaries/Win64/UE4Editor-PhysXVehiclesEditor.dll (API version 3709383).
LogModuleManager: Display: Found up-to-date module file ../../../Engine/Plugins/Runtime/ProceduralMeshComponent/Binaries/Win64/UE4Editor-ProceduralMeshComponent.dll (API version 3709383).
LogModuleManager: Display: Found up-to-date module file ../../../Engine/Plugins/Runtime/ProceduralMeshComponent/Binaries/Win64/UE4Editor-ProceduralMeshComponentEditor.dll (API version 3709383).
LogModuleManager: Display: Found up-to-date module file ../../../Engine/Plugins/Runtime/RuntimePhysXCooking/Binaries/Win64/UE4Editor-RuntimePhysXCooking.dll (API version 3709383).
LogModuleManager: Display: Found up-to-date module file ../../../Engine/Plugins/Runtime/Steam/SteamVR/Binaries/Win64/UE4Editor-SteamVR.dll (API version 3709383).
LogModuleManager: Display: Found up-to-date module file ../../../Engine/Plugins/Runtime/Steam/SteamVR/Binaries/Win64/UE4Editor-SteamVRController.dll (API version 3709383).
LogModuleManager: Display: Found up-to-date module file ../../../Engine/Plugins/Runtime/WindowsMoviePlayer/Binaries/Win64/UE4Editor-WindowsMoviePlayer.dll (API version 3709383).
LogInit: Using libcurl 7.47.1
LogInit:  - built for x86_64-pc-win32
LogInit:  - supports SSL with OpenSSL/1.0.2g
LogInit:  - supports HTTP deflate (compression) using libz 1.2.8
LogInit:  - other features:
LogInit:      CURL_VERSION_SSL
LogInit:      CURL_VERSION_LIBZ
LogInit:      CURL_VERSION_IPV6
LogInit:      CURL_VERSION_ASYNCHDNS
LogInit:      CURL_VERSION_LARGEFILE
LogInit:      CURL_VERSION_IDN
LogInit:  CurlRequestOptions (configurable via config and command line):
LogInit:  - bVerifyPeer = false  - Libcurl will NOT verify peer certificate
LogInit:  - bUseHttpProxy = false  - Libcurl will NOT use HTTP proxy
LogInit:  - bDontReuseConnections = false  - Libcurl will reuse connections
LogInit:  - CertBundlePath = nullptr  - Libcurl will use whatever was configured at build time.
LogInit: Build: ++UE4+Release-4.18-CL-3832480
LogInit: Engine Version: 4.18.3-3832480+++UE4+Release-4.18
LogInit: Compatible Engine Version: 4.18.0-3709383+++UE4+Release-4.18
LogInit: Net CL: 3709383
LogDevObjectVersion: Number of dev versions registered: 16
LogDevObjectVersion:   Dev-Blueprints (B0D832E4-1F89-4F0D-ACCF-7EB736FD4AA2): 10
LogDevObjectVersion:   Dev-Build (E1C64328-A22C-4D53-A36C-8E866417BD8C): 0
LogDevObjectVersion:   Dev-Core (375EC13C-06E4-48FB-B500-84F0262A717E): 2
LogDevObjectVersion:   Dev-Editor (E4B068ED-F494-42E9-A231-DA0B2E46BB41): 20
LogDevObjectVersion:   Dev-Framework (CFFC743F-43B0-4480-9391-14DF171D2073): 30
LogDevObjectVersion:   Dev-Mobile (B02B49B5-BB20-44E9-A304-32B752E40360): 0
LogDevObjectVersion:   Dev-Networking (A4E4105C-59A1-49B5-A7C5-40C4547EDFEE): 0
LogDevObjectVersion:   Dev-Online (39C831C9-5AE6-47DC-9A44-9C173E1C8E7C): 0
LogDevObjectVersion:   Dev-Physics (78F01B33-EBEA-4F98-B9B4-84EACCB95AA2): 0
LogDevObjectVersion:   Dev-Platform (6631380F-2D4D-43E0-8009-CF276956A95A): 0
LogDevObjectVersion:   Dev-Rendering (12F88B9F-8875-4AFC-A67C-D90C383ABD29): 20
LogDevObjectVersion:   Dev-Sequencer (7B5AE74C-D270-4C10-A958-57980B212A5A): 4
LogDevObjectVersion:   Dev-VR (D7296918-1DD6-4BDD-9DE2-64A83CC13884): 0
LogDevObjectVersion:   Dev-LoadTimes (C2A15278-BFE7-4AFE-6C17-90FF531DF755): 1
LogDevObjectVersion:   Private-Geometry (6EACA3D4-40EC-4CC1-B786-8BED09428FC5): 1
LogDevObjectVersion:   Dev-AnimPhys (29E575DD-E0A3-4627-9D10-D276232CDCEA): 12
LogInit: Compiled (64-bit): Jan 12 2018 02:04:55
LogInit: Compiled with Visual C++: 19.00.24215.01
LogInit: Build Configuration: Development
LogInit: Branch Name: ++UE4+Release-4.18
LogInit: Command line:  -skipcompile
LogInit: Base directory: C:/Program Files/Epic Games/UE_4.18/Engine/Binaries/Win64/
LogInit: Installed Engine Build: 1
LogInit: Presizing for max 8388607 objects, including 0 objects not considered by GC, pre-allocating 0 bytes for permanent pool.
LogInit: Object subsystem initialized
[2018.03.09-02.46.19:366][  0]LogInit: Selected Device Profile: [Windows]
[2018.03.09-02.46.19:366][  0]LogInit: Applying CVar settings loaded from the selected device profile: [Windows]
[2018.03.09-02.46.19:640][  0]LogInit: Computer: NANI
[2018.03.09-02.46.19:640][  0]LogInit: User: sebas
[2018.03.09-02.46.19:641][  0]LogInit: CPU Page size=4096, Cores=4
[2018.03.09-02.46.19:641][  0]LogInit: High frequency timer resolution =3.420547 MHz
[2018.03.09-02.46.19:644][  0]LogMemory: Memory total: Physical=8.0GB (8GB approx)
[2018.03.09-02.46.19:644][  0]LogMemory: Platform Memory Stats for Windows
[2018.03.09-02.46.19:645][  0]LogMemory: Process Physical Memory: 273.02 MB used, 273.02 MB peak
[2018.03.09-02.46.19:645][  0]LogMemory: Process Virtual Memory: 269.84 MB used, 269.84 MB peak
[2018.03.09-02.46.19:645][  0]LogMemory: Physical Memory: 5907.21 MB used,  2235.29 MB free, 8142.49 MB total
[2018.03.09-02.46.19:645][  0]LogMemory: Virtual Memory: 677.59 MB used,  2235.29 MB free, 134217728.00 MB total
[2018.03.09-02.46.23:046][  0]LogInit: Using OS detected language (fr-FR).
[2018.03.09-02.46.23:046][  0]LogInit: Using OS detected locale (fr-FR).
[2018.03.09-02.46.23:762][  0]LogTextLocalizationManager: No localization for 'fr-FR' exists, so 'en' will be used for the language.
[2018.03.09-02.46.23:764][  0]LogTextLocalizationManager: No localization for 'fr-FR' exists, so 'en' will be used for the locale.
[2018.03.09-02.46.29:411][  0]LogInit: Setting process to per monitor DPI aware
[2018.03.09-02.46.52:281][  0]LogD3D11RHI: D3D11 adapters:
[2018.03.09-02.46.54:645][  0]LogD3D11RHI:    0. 'NVIDIA GeForce GTX 970' (Feature Level 11_0)
[2018.03.09-02.46.54:645][  0]LogD3D11RHI:       4043/0/4071 MB DedicatedVideo/DedicatedSystem/SharedSystem, Outputs:2, VendorId:0x10de
[2018.03.09-02.46.54:973][  0]LogD3D11RHI:    1. 'Microsoft Basic Render Driver' (Feature Level 11_0)
[2018.03.09-02.46.54:973][  0]LogD3D11RHI:       0/0/4071 MB DedicatedVideo/DedicatedSystem/SharedSystem, Outputs:0, VendorId:0x1414
[2018.03.09-02.46.54:973][  0]LogD3D11RHI: Chosen D3D11 Adapter: 0
[2018.03.09-02.46.54:986][  0]LogD3D11RHI: Creating new Direct3DDevice
[2018.03.09-02.46.54:987][  0]LogD3D11RHI:     GPU DeviceId: 0x13c2 (for the marketing name, search the web for "GPU Device Id")
[2018.03.09-02.46.54:987][  0]LogWindows: EnumDisplayDevices:
[2018.03.09-02.46.54:987][  0]LogWindows:    0. 'NVIDIA GeForce GTX 970' (P:1 D:1)
[2018.03.09-02.46.54:988][  0]LogWindows:    1. 'NVIDIA GeForce GTX 970' (P:0 D:1)
[2018.03.09-02.46.54:988][  0]LogWindows:    2. 'NVIDIA GeForce GTX 970' (P:0 D:0)
[2018.03.09-02.46.54:988][  0]LogWindows:    3. 'NVIDIA GeForce GTX 970' (P:0 D:0)
[2018.03.09-02.46.54:989][  0]LogWindows: DebugString: GetVideoDriverDetailsInvalid PrimaryIsNotTheChoosenAdapter GetVideoDriverDetailsInvalid PrimaryIsNotTheChoosenAdapter GetVideoDriverDetailsInvalid PrimaryIsNotTheChoosenAdapter GetVideoDriverDetailsInvalid PrimaryIsNotTheChoosenAdapter FoundDriverCount:0 
[2018.03.09-02.46.54:989][  0]LogD3D11RHI:     Adapter Name: NVIDIA GeForce GTX 970
[2018.03.09-02.46.54:989][  0]LogD3D11RHI:   Driver Version: Unknown (internal:Unknown, unified:Unknown)
[2018.03.09-02.46.54:989][  0]LogD3D11RHI:      Driver Date: Unknown
[2018.03.09-02.46.54:989][  0]LogRHI: Texture pool is 2830 MB (70% of 4043 MB)
[2018.03.09-02.46.55:303][  0]LogD3D11RHI: Async texture creation enabled
[2018.03.09-02.46.57:150][  0]LogD3D11RHI: GPU Timing Frequency: 1000.000000 (Debug: 2 7)
[2018.03.09-02.46.57:396][  0]LogShaderCompilers: Guid format shader working directory is 16 characters bigger than the processId version (S:/Unreal/StealthGame/Stealth/Intermediate/Shaders/WorkingDirectory/40984/).
[2018.03.09-02.46.57:397][  0]LogShaderCompilers: Cleaned the shader compiler working directory 'C:/Users/sebas/AppData/Local/Temp/UnrealShaderWorkingDir/5884674B452971C95436A8A7E50C1BB8/'.
[2018.03.09-02.46.57:397][  0]LogShaderCompilers: Display: Using Local Shader Compiler.
[2018.03.09-02.47.11:797][  0]LogTemp: Display: Loaded TP AllDesktopTargetPlatform
[2018.03.09-02.47.11:870][  0]LogTemp: Display: Loaded TP MacClientTargetPlatform
[2018.03.09-02.47.12:031][  0]LogTemp: Display: Loaded TP MacNoEditorTargetPlatform
[2018.03.09-02.47.12:215][  0]LogTemp: Display: Loaded TP MacServerTargetPlatform
[2018.03.09-02.47.12:466][  0]LogTemp: Display: Loaded TP MacTargetPlatform
[2018.03.09-02.47.12:556][  0]LogTemp: Display: Loaded TP WindowsClientTargetPlatform
[2018.03.09-02.47.12:634][  0]LogTemp: Display: Loaded TP WindowsNoEditorTargetPlatform
[2018.03.09-02.47.12:698][  0]LogTemp: Display: Loaded TP WindowsServerTargetPlatform
[2018.03.09-02.47.12:758][  0]LogTemp: Display: Loaded TP WindowsTargetPlatform
[2018.03.09-02.47.12:839][  0]LogTemp: Display: Loaded TP Android_ASTCTargetPlatform
[2018.03.09-02.47.12:984][  0]LogTemp: Display: Loaded TP Android_ATCTargetPlatform
[2018.03.09-02.47.13:066][  0]LogTemp: Display: Loaded TP Android_DXTTargetPlatform
[2018.03.09-02.47.13:136][  0]LogTemp: Display: Loaded TP Android_ETC1TargetPlatform
[2018.03.09-02.47.13:208][  0]LogTemp: Display: Loaded TP Android_ETC2TargetPlatform
[2018.03.09-02.47.13:498][  0]LogTemp: Display: Loaded TP Android_MultiTargetPlatform
[2018.03.09-02.47.13:498][  0]LogTemp: Display: Loaded TP Android_PVRTCTargetPlatform
[2018.03.09-02.47.13:569][  0]LogTemp: Display: Loaded TP AndroidTargetPlatform
[2018.03.09-02.47.13:684][  0]LogTemp: Display: Loaded TP HTML5TargetPlatform
[2018.03.09-02.47.13:905][  0]LogTemp: Display: Loaded TP IOSTargetPlatform
[2018.03.09-02.47.13:953][  0]LogTemp: Display: Loaded TP TVOSTargetPlatform
[2018.03.09-02.47.14:198][  0]LogTemp: Display: Loaded TP LinuxClientTargetPlatform
[2018.03.09-02.47.14:461][  0]LogTemp: Display: Loaded TP LinuxNoEditorTargetPlatform
[2018.03.09-02.47.14:636][  0]LogTemp: Display: Loaded TP LinuxServerTargetPlatform
[2018.03.09-02.47.14:808][  0]LogTemp: Display: Loaded TP LinuxTargetPlatform
[2018.03.09-02.47.14:808][  0]LogTargetPlatformManager: Display: Building Assets For Windows
[2018.03.09-02.47.21:399][  0]LogDerivedDataCache: Display: Max Cache Size: 512 MB
[2018.03.09-02.47.36:714][  0]LogDerivedDataCache: Loaded boot cache 15.31s 79MB C:/Users/sebas/AppData/Local/UnrealEngine/4.18/DerivedDataCache/Boot.ddc.
[2018.03.09-02.47.36:714][  0]LogDerivedDataCache: Display: Loaded Boot cache: C:/Users/sebas/AppData/Local/UnrealEngine/4.18/DerivedDataCache/Boot.ddc
[2018.03.09-02.47.36:714][  0]LogDerivedDataCache: FDerivedDataBackendGraph:  Pak pak cache file S:/Unreal/StealthGame/Stealth/DerivedDataCache/DDC.ddp not found, will not use a pak cache.
[2018.03.09-02.47.36:714][  0]LogDerivedDataCache: Unable to find inner node Pak for hierarchical cache Hierarchy.
[2018.03.09-02.47.36:714][  0]LogDerivedDataCache: FDerivedDataBackendGraph:  CompressedPak pak cache file S:/Unreal/StealthGame/Stealth/DerivedDataCache/Compressed.ddp not found, will not use a pak cache.
[2018.03.09-02.47.36:714][  0]LogDerivedDataCache: Unable to find inner node CompressedPak for hierarchical cache Hierarchy.
[2018.03.09-02.47.36:735][  0]LogDerivedDataCache: Display: Pak cache opened for reading ../../../Engine/DerivedDataCache/Compressed.ddp.
[2018.03.09-02.47.36:748][  0]LogDerivedDataCache: Using Local data cache path C:/Users/sebas/AppData/Local/UnrealEngine/Common/DerivedDataCache: Writable
[2018.03.09-02.47.36:764][  0]LogMaterial: Verifying Global Shaders for PCD3D_SM5
[2018.03.09-02.47.36:862][  0]LogSlate: Using Freetype 2.6.0
[2018.03.09-02.47.37:116][  0]LogSlate: SlateFontCache - WITH_FREETYPE: 1, WITH_HARFBUZZ: 1
[2018.03.09-02.47.37:116][  0]LogSlate: SlateFontCache - WITH_FREETYPE: 1, WITH_HARFBUZZ: 1
[2018.03.09-02.48.07:569][  0]LogInit: Selected Device Profile: [Windows]
[2018.03.09-02.48.09:181][  0]LogSimplygon: Simplygon DLL not present - disabling.
[2018.03.09-02.48.09:483][  0]LogMeshReduction: Using SimplygonSwarm for distributed automatic mesh merging
[2018.03.09-02.48.09:483][  0]LogMeshReduction: Using QuadricMeshReduction for automatic static mesh reduction
[2018.03.09-02.48.09:484][  0]LogMeshReduction: No automatic skeletal mesh reduction module available
[2018.03.09-02.48.09:484][  0]LogMeshReduction: No automatic mesh merging module available
[2018.03.09-02.48.09:484][  0]LogMeshMerging: No automatic mesh merging module available
[2018.03.09-02.48.09:534][  0]LogNetVersion: Stealth , NetCL: 3709383, EngineNetVer: 2, GameNetVer: 0 (Checksum: 4124348340)
[2018.03.09-02.48.09:713][  0]LogAssetRegistry: FAssetRegistry took 0.0285 seconds to start up
[2018.03.09-02.48.10:695][  0]LogPackageLocalizationCache: Processed 7 localized package path(s) for 1 prioritized culture(s) in 0.047788 seconds
[2018.03.09-02.48.10:700][  0]LogUObjectArray: 35870 objects as part of root set at end of initial load.
[2018.03.09-02.48.10:701][  0]LogUObjectAllocator: 7363696 out of 0 bytes used by permanent object pool.
[2018.03.09-02.48.10:701][  0]LogUObjectArray: CloseDisregardForGC: 0/0 objects in disregard for GC pool
[2018.03.09-02.48.10:870][  0]LogInit: WinSock: version 1.1 (2.2), MaxSocks=32767, MaxUdp=65467
[2018.03.09-02.49.13:632][  0]LogTcpMessaging: Initializing TcpMessaging bridge
[2018.03.09-02.49.13:942][  0]LogUdpMessaging: Initializing bridge on interface 0.0.0.0:0 to multicast group 230.0.0.1:6666.
[2018.03.09-02.49.20:104][  0]LogMaterial: Uniform references updated for custom material expression Custom.
[2018.03.09-02.49.21:744][  0]SourceControl: Source control is disabled
[2018.03.09-02.49.21:744][  0]SourceControl: Source control is disabled
[2018.03.09-02.49.22:365][  0]SourceControl: Source control is disabled
[2018.03.09-02.49.22:775][  0]SourceControl: Source control is disabled
[2018.03.09-02.49.26:140][  0]LogAndroidPermission: UAndroidPermissionCallbackProxy::GetInstance
[2018.03.09-02.49.26:744][  0]LogOcInput: OculusInput pre-init called
[2018.03.09-02.49.27:834][  0]LogEngine: Initializing Engine...
[2018.03.09-02.49.27:839][  0]LogHMD: Failed to initialize OpenVR with code 110
[2018.03.09-02.49.28:120][  0]LogStats: UGameplayTagsManager::ConstructGameplayTagTree: Construct from data asset -  0.000 s
[2018.03.09-02.49.28:121][  0]LogStats: UGameplayTagsManager::ConstructGameplayTagTree: GameplayTagTreeChangedEvent.Broadcast -  0.000 s
[2018.03.09-02.49.28:562][  0]LogAIModule: Creating AISystem for world Untitled
[2018.03.09-02.49.28:878][  0]LogInit: XAudio2 using 'Casque pour téléphone (HyperX 7.1 Audio)' : 2 channels at 48 kHz using 16 bits per sample (channel mask 0x3)
[2018.03.09-02.49.29:090][  0]LogInit: FAudioDevice initialized.
[2018.03.09-02.49.34:556][  0]LogDerivedDataCache: Saved boot cache 5.47s 79MB C:/Users/sebas/AppData/Local/UnrealEngine/4.18/DerivedDataCache/Boot.ddc.
[2018.03.09-02.49.34:595][  0]LogInit: Texture streaming: Enabled
[2018.03.09-02.49.35:986][  0]LogEngineSessionManager: EngineSessionManager initialized
[2018.03.09-02.49.36:174][  0]LogInit: Transaction tracking system initialized
[2018.03.09-02.49.36:690][  0]BlueprintLog: New page: Editor Load
[2018.03.09-02.49.40:704][  0]LocalizationService: Localization service is disabled
[2018.03.09-02.49.45:693][  0]LogConsoleResponse: Display: 
[2018.03.09-02.49.50:270][  0]LogCook: Display: Max memory allowance for cook 16384mb min free memory 0mb
[2018.03.09-02.49.50:271][  0]LogCook: Display: Mobile HDR setting 1
[2018.03.09-02.49.50:271][  0]LogGameplayTags: Display: UGameplayTagsManager::DoneAddingNativeTags. DelegateIsBound: 0
[2018.03.09-02.49.51:241][  0]LogFileCache: Scanning file cache for directory 'S:/Unreal/StealthGame/Stealth/Content/' took 0.02s
[2018.03.09-02.49.58:425][  0]SourceControl: Source control is disabled
[2018.03.09-02.49.58:426][  0]Cmd: MAP LOAD FILE="S:/Unreal/StealthGame/Stealth/Content/FirstPersonCPP/Maps/FirstPersonExampleMap.umap" TEMPLATE=0 SHOWPROGRESS=1 FEATURELEVEL=3
[2018.03.09-02.49.58:441][  0]LightingResults: New page: Lighting Build
[2018.03.09-02.49.58:525][  0]MapCheck: New page: Map Check
[2018.03.09-02.49.58:525][  0]LightingResults: New page: Lighting Build
[2018.03.09-02.50.02:239][  0]LogAIModule: Creating AISystem for world FirstPersonExampleMap
[2018.03.09-02.50.02:262][  0]LogEditorServer: Finished looking for orphan Actors (0.000 secs)
[2018.03.09-02.50.02:278][  0]Cmd: MAP CHECKDEP NOCLEARLOG
[2018.03.09-02.50.02:351][  0]MapCheck: Map check complete: 0 Error(s), 0 Warning(s), took 72.203ms to complete.
[2018.03.09-02.50.02:351][  0]LogFileHelpers: Loading map 'FirstPersonExampleMap' took 3.925
[2018.03.09-02.50.04:775][  0]LogCollectionManager: Loaded 0 collections in 0.002012 seconds
[2018.03.09-02.50.04:871][  0]LogFileCache: Scanning file cache for directory 'S:/Unreal/StealthGame/Stealth/Saved/Collections/' took 0.01s
[2018.03.09-02.50.04:871][  0]LogFileCache: Scanning file cache for directory 'S:/Unreal/StealthGame/Stealth/Content/Developers/sebas/Collections/' took 0.01s
[2018.03.09-02.50.04:871][  0]LogFileCache: Scanning file cache for directory 'S:/Unreal/StealthGame/Stealth/Content/Collections/' took 0.01s
[2018.03.09-02.50.04:871][  0]LogCollectionManager: Rebuilt the GUID cache for 0 collections in 0.000000 seconds
[2018.03.09-02.50.04:881][  0]LogContentBrowser: Native class hierarchy populated in 0.0095 seconds. Added 2367 classes and 521 folders.
[2018.03.09-02.50.04:966][  0]LogContentBrowser: Native class hierarchy updated for 'WidgetCarousel' in 0.0005 seconds. Added 0 classes and 0 folders.
[2018.03.09-02.50.15:920][  0]LogContentBrowser: Native class hierarchy updated for 'AddContentDialog' in 0.0012 seconds. Added 0 classes and 0 folders.
[2018.03.09-02.50.16:215][  0]LogContentBrowser: Native class hierarchy updated for 'SceneOutliner' in 0.0006 seconds. Added 1 classes and 2 folders.
[2018.03.09-02.50.16:423][  0]LogSlate: Took 0.166464 seconds to synchronously load lazily loaded font '../../../Engine/Content/Slate/Fonts/Roboto-Regular.ttf' (155K)
[2018.03.09-02.50.16:434][  0]LogSlate: Took 0.007954 seconds to synchronously load lazily loaded font '../../../Engine/Content/Slate/Fonts/Roboto-Bold.ttf' (160K)
[2018.03.09-02.50.16:759][  0]LogSlate: Took 0.318211 seconds to synchronously load lazily loaded font '../../../Engine/Content/Editor/Slate/Fonts/FontAwesome.ttf' (139K)
[2018.03.09-02.50.18:739][  0]LogRenderer: Reallocating scene render targets to support 1260x640 Format 10 NumSamples 1 (Frame:1).
[2018.03.09-02.50.20:588][  0]LogContentBrowser: Native class hierarchy updated for 'HierarchicalLODOutliner' in 0.0008 seconds. Added 1 classes and 2 folders.
[2018.03.09-02.50.20:588][  0]LogLoad: (Engine Initialization) Total time: 319.59 seconds
[2018.03.09-02.50.20:588][  0]LogLoad: (Engine Initialization) Total Blueprint compile time: 0.00 seconds
[2018.03.09-02.50.20:588][  0]LogExternalProfiler: No external profilers were discovered.  External profiling features will not be available.
[2018.03.09-02.50.20:954][  0]LogContentStreaming: Texture pool size now 1000 MB
[2018.03.09-02.50.21:806][  0]LogSlate: Took 0.618405 seconds to synchronously load lazily loaded font '../../../Engine/Content/Slate/Fonts/Roboto-Light.ttf' (159K)
[2018.03.09-02.50.22:160][  2]LogAssetRegistry: Asset discovery search completed in 132.4702 seconds
[2018.03.09-02.50.22:162][  2]LogCollectionManager: Rebuilt the object cache for 0 collections in 0.000001 seconds (found 0 objects)
[2018.03.09-02.50.22:162][  2]LogCollectionManager: Fixed up redirectors for 0 collections in 0.000192 seconds (updated 0 objects)
[2018.03.09-02.50.22:177][  2]LogSlate: Took 0.000380 seconds to synchronously load lazily loaded font '../../../Engine/Content/Slate/Fonts/Roboto-Light.ttf' (159K)
[2018.03.09-02.50.41:389][ 61]LogTemp: Repeating last play command: Selected Viewport
[2018.03.09-02.50.41:431][ 61]LogBlueprintUserMessages: Early PlayInEditor Detection: Level '/Game/FirstPersonCPP/Maps/FirstPersonExampleMap.FirstPersonExampleMap:PersistentLevel' has LevelScriptBlueprint '/Game/FirstPersonCPP/Maps/FirstPersonExampleMap.FirstPersonExampleMap:PersistentLevel.FirstPersonExampleMap' with GeneratedClass '/Game/FirstPersonCPP/Maps/FirstPersonExampleMap.FirstPersonExampleMap_C' with ClassGeneratedBy '/Game/FirstPersonCPP/Maps/FirstPersonExampleMap.FirstPersonExampleMap:PersistentLevel.FirstPersonExampleMap'
[2018.03.09-02.50.41:431][ 61]LogPlayLevel: PlayLevel: No blueprints needed recompiling
[2018.03.09-02.50.41:431][ 61]PIE: New page: PIE session: FirstPersonExampleMap (Mar 9, 2018, 4:50:41 AM)
[2018.03.09-02.50.41:432][ 61]LogPlayLevel: Creating play world package: /Game/FirstPersonCPP/Maps/UEDPIE_0_FirstPersonExampleMap
[2018.03.09-02.50.41:470][ 61]LogPlayLevel: PIE: StaticDuplicateObject took: (0.038609s)
[2018.03.09-02.50.41:472][ 61]LogAIModule: Creating AISystem for world FirstPersonExampleMap
[2018.03.09-02.50.41:472][ 61]LogPlayLevel: PIE: World Init took: (0.001504s)
[2018.03.09-02.50.41:472][ 61]LogPlayLevel: PIE: Created PIE world by copying editor world from /Game/FirstPersonCPP/Maps/FirstPersonExampleMap.FirstPersonExampleMap to /Game/FirstPersonCPP/Maps/UEDPIE_0_FirstPersonExampleMap.FirstPersonExampleMap (0.040832s)
[2018.03.09-02.50.41:494][ 61]LogInit: XAudio2 using 'Casque pour téléphone (HyperX 7.1 Audio)' : 2 channels at 48 kHz using 16 bits per sample (channel mask 0x3)
[2018.03.09-02.50.42:035][ 61]LogInit: FAudioDevice initialized.
[2018.03.09-02.50.42:096][ 61]LogLoad: Game class is 'StealthGameMode'
[2018.03.09-02.50.42:104][ 61]LogWorld: Bringing World /Game/FirstPersonCPP/Maps/UEDPIE_0_FirstPersonExampleMap.FirstPersonExampleMap up for play (max tick rate 0) at 2018.03.09-03.50.42
[2018.03.09-02.50.42:106][ 61]LogWorld: Bringing up level for play took: 0.005814
[2018.03.09-02.50.42:175][ 61]LogContentBrowser: Native class hierarchy updated for 'MovieSceneCapture' in 0.0006 seconds. Added 11 classes and 0 folders.
[2018.03.09-02.50.42:176][ 61]PIE: Play in editor start time for /Game/FirstPersonCPP/Maps/UEDPIE_0_FirstPersonExampleMap 1.632
[2018.03.09-02.50.42:177][ 61]LogBlueprintUserMessages: Late PlayInEditor Detection: Level '/Game/FirstPersonCPP/Maps/FirstPersonExampleMap.FirstPersonExampleMap:PersistentLevel' has LevelScriptBlueprint '/Game/FirstPersonCPP/Maps/FirstPersonExampleMap.FirstPersonExampleMap:PersistentLevel.FirstPersonExampleMap' with GeneratedClass '/Game/FirstPersonCPP/Maps/FirstPersonExampleMap.FirstPersonExampleMap_C' with ClassGeneratedBy '/Game/FirstPersonCPP/Maps/FirstPersonExampleMap.FirstPersonExampleMap:PersistentLevel.FirstPersonExampleMap'
[2018.03.09-02.50.56:974][587]LogBlueprintUserMessages: Early EndPlayMap Detection: Level '/Game/FirstPersonCPP/Maps/FirstPersonExampleMap.FirstPersonExampleMap:PersistentLevel' has LevelScriptBlueprint '/Game/FirstPersonCPP/Maps/FirstPersonExampleMap.FirstPersonExampleMap:PersistentLevel.FirstPersonExampleMap' with GeneratedClass '/Game/FirstPersonCPP/Maps/FirstPersonExampleMap.FirstPersonExampleMap_C' with ClassGeneratedBy '/Game/FirstPersonCPP/Maps/FirstPersonExampleMap.FirstPersonExampleMap:PersistentLevel.FirstPersonExampleMap'
[2018.03.09-02.50.57:128][587]LogBlueprintUserMessages: Late EndPlayMap Detection: Level '/Game/FirstPersonCPP/Maps/FirstPersonExampleMap.FirstPersonExampleMap:PersistentLevel' has LevelScriptBlueprint '/Game/FirstPersonCPP/Maps/FirstPersonExampleMap.FirstPersonExampleMap:PersistentLevel.FirstPersonExampleMap' with GeneratedClass '/Game/FirstPersonCPP/Maps/FirstPersonExampleMap.FirstPersonExampleMap_C' with ClassGeneratedBy '/Game/FirstPersonCPP/Maps/FirstPersonExampleMap.FirstPersonExampleMap:PersistentLevel.FirstPersonExampleMap'
